mode: set
github.com/mh-orange/tuner/config.go:16.82,19.40 2 1
github.com/mh-orange/tuner/config.go:29.2,29.12 1 1
github.com/mh-orange/tuner/config.go:19.40,20.55 1 1
github.com/mh-orange/tuner/config.go:20.55,22.58 2 1
github.com/mh-orange/tuner/config.go:22.58,26.5 3 1
github.com/mh-orange/tuner/config.go:36.52,37.83 1 1
github.com/mh-orange/tuner/config.go:43.2,45.39 3 1
github.com/mh-orange/tuner/config.go:37.83,38.22 1 1
github.com/mh-orange/tuner/config.go:41.3,41.9 1 1
github.com/mh-orange/tuner/config.go:38.22,40.4 1 1
github.com/mh-orange/tuner/tuner.go:21.35,23.2 1 0
github.com/mh-orange/tuner/tuner.go:25.25,27.2 1 0
github.com/mh-orange/tuner/tuner.go:54.54,56.2 1 1
github.com/mh-orange/tuner/tuner.go:58.38,60.2 1 1
github.com/mh-orange/tuner/tuner.go:62.13,64.2 1 1
github.com/mh-orange/tuner/tuner.go:66.54,68.2 1 1
github.com/mh-orange/tuner/tuner.go:70.53,71.48 1 1
github.com/mh-orange/tuner/tuner.go:74.2,74.50 1 1
github.com/mh-orange/tuner/tuner.go:71.48,73.3 1 1
